<?xml version="1.0" encoding="UTF-8"?>
<testng-results ignored="0" total="1" passed="1" failed="0" skipped="0">
  <reporter-output>
  </reporter-output>
  <suite started-at="2023-11-20T22:05:28 BDT" name="Default suite" finished-at="2023-11-20T22:05:32 BDT" duration-ms="4638">
    <groups>
    </groups>
    <test started-at="2023-11-20T22:05:28 BDT" name="Default test" finished-at="2023-11-20T22:05:32 BDT" duration-ms="4638">
      <class name="test.TimerTest">
        <test-method signature="verifyTimerStartValue()[pri:0, instance:test.TimerTest@77888435]" started-at="2023-11-20T22:05:28 BDT" name="verifyTimerStartValue" finished-at="2023-11-20T22:05:32 BDT" duration-ms="4429" status="PASS">
          <reporter-output>
          </reporter-output>
        </test-method> <!-- verifyTimerStartValue -->
        <test-method is-config="true" signature="tearDown()[pri:0, instance:test.TimerTest@77888435]" started-at="2023-11-20T22:05:32 BDT" name="tearDown" finished-at="2023-11-20T22:05:32 BDT" duration-ms="149" status="PASS">
          <reporter-output>
          </reporter-output>
        </test-method> <!-- tearDown -->
      </class> <!-- test.TimerTest -->
    </test> <!-- Default test -->
  </suite> <!-- Default suite -->
</testng-results>
